apk/app/build/intermediates/manifest_merge_blame_file/debug/processDebugMainManifest/manifest-merger-blame-debug-report.txt
1<?xml version="1.0" encoding="utf-8"?>
2<manifest xmlns:android="http://schemas.android.com/apk/res/android"
3    package="com.mobkom.robot"
4    android:versionCode="1"
5    android:versionName="1.0" >
6
7    <uses-sdk
8        android:minSdkVersion="24"
9        android:targetSdkVersion="34" />
10
11    <uses-permission android:name="android.permission.INTERNET" />
11-->src\main\AndroidManifest.xml:5:5-66
11-->src\main\AndroidManifest.xml:5:22-64
12    <uses-permission android:name="android.permission.CAMERA" />
12-->src\main\AndroidManifest.xml:6:5-64
12-->src\main\AndroidManifest.xml:6:22-62
13    <uses-permission android:name="android.permission.SEND_SMS" />
13-->src\main\AndroidManifest.xml:7:5-66
13-->src\main\AndroidManifest.xml:7:22-64
14    <uses-permission android:name="android.permission.READ_SMS" />
14-->src\main\AndroidManifest.xml:8:5-66
14-->src\main\AndroidManifest.xml:8:22-64
15    <uses-permission android:name="android.permission.RECEIVE_SMS" />
15-->src\main\AndroidManifest.xml:9:5-69
15-->src\main\AndroidManifest.xml:9:22-67
16    <uses-permission android:name="android.permission.READ_PHONE_STATE" />
16-->src\main\AndroidManifest.xml:10:5-74
16-->src\main\AndroidManifest.xml:10:22-72
17    <!-- Don't require camera, as this requires a rear camera. This allows it to work on the Nexus 7 -->
18    <uses-feature
18-->[com.journeyapps:zxing-android-embedded:4.3.0] AndroidManifest.xml:25:5-27:36
19        android:name="android.hardware.camera"
19-->[com.journeyapps:zxing-android-embedded:4.3.0] AndroidManifest.xml:26:9-47
20        android:required="false" />
20-->[com.journeyapps:zxing-android-embedded:4.3.0] AndroidManifest.xml:27:9-33
21    <uses-feature
21-->[com.journeyapps:zxing-android-embedded:4.3.0] AndroidManifest.xml:28:5-30:36
22        android:name="android.hardware.camera.front"
22-->[com.journeyapps:zxing-android-embedded:4.3.0] AndroidManifest.xml:29:9-53
23        android:required="false" /> <!-- TODO replace above two with next line after Android 4.2 -->
23-->[com.journeyapps:zxing-android-embedded:4.3.0] AndroidManifest.xml:30:9-33
24    <!-- <uses-feature android:name="android.hardware.camera.any"/> -->
25    <uses-feature
25-->[com.journeyapps:zxing-android-embedded:4.3.0] AndroidManifest.xml:33:5-35:36
26        android:name="android.hardware.camera.autofocus"
26-->[com.journeyapps:zxing-android-embedded:4.3.0] AndroidManifest.xml:34:9-57
27        android:required="false" />
27-->[com.journeyapps:zxing-android-embedded:4.3.0] AndroidManifest.xml:35:9-33
28    <uses-feature
28-->[com.journeyapps:zxing-android-embedded:4.3.0] AndroidManifest.xml:36:5-38:36
29        android:name="android.hardware.camera.flash"
29-->[com.journeyapps:zxing-android-embedded:4.3.0] AndroidManifest.xml:37:9-53
30        android:required="false" />
30-->[com.journeyapps:zxing-android-embedded:4.3.0] AndroidManifest.xml:38:9-33
31    <uses-feature
31-->[com.journeyapps:zxing-android-embedded:4.3.0] AndroidManifest.xml:39:5-41:36
32        android:name="android.hardware.screen.landscape"
32-->[com.journeyapps:zxing-android-embedded:4.3.0] AndroidManifest.xml:40:9-57
33        android:required="false" />
33-->[com.journeyapps:zxing-android-embedded:4.3.0] AndroidManifest.xml:41:9-33
34    <uses-feature
34-->[com.journeyapps:zxing-android-embedded:4.3.0] AndroidManifest.xml:42:5-44:36
35        android:name="android.hardware.wifi"
35-->[com.journeyapps:zxing-android-embedded:4.3.0] AndroidManifest.xml:43:9-45
36        android:required="false" />
36-->[com.journeyapps:zxing-android-embedded:4.3.0] AndroidManifest.xml:44:9-33
37
38    <permission
38-->[androidx.core:core:1.9.0] AndroidManifest.xml:22:5-24:47
39        android:name="com.mobkom.robot.DYNAMIC_RECEIVER_NOT_EXPORTED_PERMISSION"
39-->[androidx.core:core:1.9.0] AndroidManifest.xml:23:9-81
40        android:protectionLevel="signature" />
40-->[androidx.core:core:1.9.0] AndroidManifest.xml:24:9-44
41
42    <uses-permission android:name="com.mobkom.robot.DYNAMIC_RECEIVER_NOT_EXPORTED_PERMISSION" />
42-->[androidx.core:core:1.9.0] AndroidManifest.xml:26:5-97
42-->[androidx.core:core:1.9.0] AndroidManifest.xml:26:22-94
43
44    <application
44-->src\main\AndroidManifest.xml:12:5-30:19
45        android:allowBackup="true"
45-->src\main\AndroidManifest.xml:13:9-35
46        android:appComponentFactory="androidx.core.app.CoreComponentFactory"
46-->[androidx.core:core:1.9.0] AndroidManifest.xml:28:18-86
47        android:debuggable="true"
48        android:extractNativeLibs="false"
49        android:icon="@android:drawable/sym_def_app_icon"
49-->src\main\AndroidManifest.xml:14:9-58
50        android:label="MobKom Robot"
50-->src\main\AndroidManifest.xml:15:9-37
51        android:networkSecurityConfig="@xml/network_security_config"
51-->src\main\AndroidManifest.xml:17:9-69
52        android:theme="@style/Theme.AppCompat.Light.DarkActionBar"
52-->src\main\AndroidManifest.xml:16:9-67
53        android:usesCleartextTraffic="true" >
53-->src\main\AndroidManifest.xml:18:9-44
54        <activity
54-->src\main\AndroidManifest.xml:19:9-26:20
55            android:name="com.mobkom.robot.MainActivity"
55-->src\main\AndroidManifest.xml:20:13-41
56            android:exported="true" >
56-->src\main\AndroidManifest.xml:21:13-36
57            <intent-filter>
57-->src\main\AndroidManifest.xml:22:13-25:29
58                <action android:name="android.intent.action.MAIN" />
58-->src\main\AndroidManifest.xml:23:17-68
58-->src\main\AndroidManifest.xml:23:25-66
59
60                <category android:name="android.intent.category.LAUNCHER" />
60-->src\main\AndroidManifest.xml:24:17-76
60-->src\main\AndroidManifest.xml:24:27-74
61            </intent-filter>
62        </activity>
63        <activity
63-->src\main\AndroidManifest.xml:27:9-29:39
64            android:name="com.mobkom.robot.QRScannerActivity"
64-->src\main\AndroidManifest.xml:28:13-46
65            android:exported="false" />
65-->src\main\AndroidManifest.xml:29:13-37
66        <activity
66-->[com.journeyapps:zxing-android-embedded:4.3.0] AndroidManifest.xml:47:9-53:63
67            android:name="com.journeyapps.barcodescanner.CaptureActivity"
67-->[com.journeyapps:zxing-android-embedded:4.3.0] AndroidManifest.xml:48:13-74
68            android:clearTaskOnLaunch="true"
68-->[com.journeyapps:zxing-android-embedded:4.3.0] AndroidManifest.xml:49:13-45
69            android:screenOrientation="sensorLandscape"
69-->[com.journeyapps:zxing-android-embedded:4.3.0] AndroidManifest.xml:50:13-56
70            android:stateNotNeeded="true"
70-->[com.journeyapps:zxing-android-embedded:4.3.0] AndroidManifest.xml:51:13-42
71            android:theme="@style/zxing_CaptureTheme"
71-->[com.journeyapps:zxing-android-embedded:4.3.0] AndroidManifest.xml:52:13-54
72            android:windowSoftInputMode="stateAlwaysHidden" />
72-->[com.journeyapps:zxing-android-embedded:4.3.0] AndroidManifest.xml:53:13-60
73
74        <provider
74-->[androidx.emoji2:emoji2:1.2.0] AndroidManifest.xml:24:9-32:20
75            android:name="androidx.startup.InitializationProvider"
75-->[androidx.emoji2:emoji2:1.2.0] AndroidManifest.xml:25:13-67
76            android:authorities="com.mobkom.robot.androidx-startup"
76-->[androidx.emoji2:emoji2:1.2.0] AndroidManifest.xml:26:13-68
77            android:exported="false" >
77-->[androidx.emoji2:emoji2:1.2.0] AndroidManifest.xml:27:13-37
78            <meta-data
78-->[androidx.emoji2:emoji2:1.2.0] AndroidManifest.xml:29:13-31:52
79                android:name="androidx.emoji2.text.EmojiCompatInitializer"
79-->[androidx.emoji2:emoji2:1.2.0] AndroidManifest.xml:30:17-75
80                android:value="androidx.startup" />
80-->[androidx.emoji2:emoji2:1.2.0] AndroidManifest.xml:31:17-49
81            <meta-data
81-->[androidx.lifecycle:lifecycle-process:2.6.1] AndroidManifest.xml:29:13-31:52
82                android:name="androidx.lifecycle.ProcessLifecycleInitializer"
82-->[androidx.lifecycle:lifecycle-process:2.6.1] AndroidManifest.xml:30:17-78
83                android:value="androidx.startup" />
83-->[androidx.lifecycle:lifecycle-process:2.6.1] AndroidManifest.xml:31:17-49
84            <meta-data
84-->[androidx.profileinstaller:profileinstaller:1.3.0] AndroidManifest.xml:29:13-31:52
85                android:name="androidx.profileinstaller.ProfileInstallerInitializer"
85-->[androidx.profileinstaller:profileinstaller:1.3.0] AndroidManifest.xml:30:17-85
86                android:value="androidx.startup" />
86-->[androidx.profileinstaller:profileinstaller:1.3.0] AndroidManifest.xml:31:17-49
87        </provider>
88
89        <receiver
89-->[androidx.profileinstaller:profileinstaller:1.3.0] AndroidManifest.xml:34:9-52:20
90            android:name="androidx.profileinstaller.ProfileInstallReceiver"
90-->[androidx.profileinstaller:profileinstaller:1.3.0] AndroidManifest.xml:35:13-76
91            android:directBootAware="false"
91-->[androidx.profileinstaller:profileinstaller:1.3.0] AndroidManifest.xml:36:13-44
92            android:enabled="true"
92-->[androidx.profileinstaller:profileinstaller:1.3.0] AndroidManifest.xml:37:13-35
93            android:exported="true"
93-->[androidx.profileinstaller:profileinstaller:1.3.0] AndroidManifest.xml:38:13-36
94            android:permission="android.permission.DUMP" >
94-->[androidx.profileinstaller:profileinstaller:1.3.0] AndroidManifest.xml:39:13-57
95            <intent-filter>
95-->[androidx.profileinstaller:profileinstaller:1.3.0] AndroidManifest.xml:40:13-42:29
96                <action android:name="androidx.profileinstaller.action.INSTALL_PROFILE" />
96-->[androidx.profileinstaller:profileinstaller:1.3.0] AndroidManifest.xml:41:17-91
96-->[androidx.profileinstaller:profileinstaller:1.3.0] AndroidManifest.xml:41:25-88
97            </intent-filter>
98            <intent-filter>
98-->[androidx.profileinstaller:profileinstaller:1.3.0] AndroidManifest.xml:43:13-45:29
99                <action android:name="androidx.profileinstaller.action.SKIP_FILE" />
99-->[androidx.profileinstaller:profileinstaller:1.3.0] AndroidManifest.xml:44:17-85
99-->[androidx.profileinstaller:profileinstaller:1.3.0] AndroidManifest.xml:44:25-82
100            </intent-filter>
101            <intent-filter>
101-->[androidx.profileinstaller:profileinstaller:1.3.0] AndroidManifest.xml:46:13-48:29
102                <action android:name="androidx.profileinstaller.action.SAVE_PROFILE" />
102-->[androidx.profileinstaller:profileinstaller:1.3.0] AndroidManifest.xml:47:17-88
102-->[androidx.profileinstaller:profileinstaller:1.3.0] AndroidManifest.xml:47:25-85
103            </intent-filter>
104            <intent-filter>
104-->[androidx.profileinstaller:profileinstaller:1.3.0] AndroidManifest.xml:49:13-51:29
105                <action android:name="androidx.profileinstaller.action.BENCHMARK_OPERATION" />
105-->[androidx.profileinstaller:profileinstaller:1.3.0] AndroidManifest.xml:50:17-95
105-->[androidx.profileinstaller:profileinstaller:1.3.0] AndroidManifest.xml:50:25-92
106            </intent-filter>
107        </receiver>
108    </application>
109
110</manifest>